[2018-10-05 17:47:50.242] [exthost1] [info] extension host started
[2018-10-05 17:47:50.278] [exthost1] [info] ExtensionService#_doActivateExtension vscode.debug-auto-launch {"startup":true,"activationEvent":"*"}
[2018-10-05 17:47:50.278] [exthost1] [info] ExtensionService#loadCommonJSModule c:\Users\ksnam\.codemix\engine\resources\app\extensions\debug-auto-launch\out\extension
[2018-10-05 17:47:50.798] [exthost1] [info] ExtensionService#_doActivateExtension vscode.emmet {"startup":true,"activationEvent":"*"}
[2018-10-05 17:47:50.799] [exthost1] [info] ExtensionService#loadCommonJSModule c:\Users\ksnam\.codemix\engine\resources\app\extensions\emmet\dist\extension
[2018-10-05 17:47:51.067] [exthost1] [info] ExtensionService#_doActivateExtension vscode.merge-conflict {"startup":true,"activationEvent":"*"}
[2018-10-05 17:47:51.067] [exthost1] [info] ExtensionService#loadCommonJSModule c:\Users\ksnam\.codemix\engine\resources\app\extensions\merge-conflict\out\extension
[2018-10-05 17:47:51.723] [exthost1] [info] ExtensionService#_doActivateExtension vscode.search-rg {"startup":true,"activationEvent":"*"}
[2018-10-05 17:47:51.723] [exthost1] [info] ExtensionService#loadCommonJSModule c:\Users\ksnam\.codemix\engine\resources\app\extensions\search-rg\out\extension
[2018-10-05 17:47:52.554] [exthost1] [info] eager extensions activated
[2018-10-05 17:47:52.561] [exthost1] [info] ExtensionService#_doActivateExtension vscode.configuration-editing {"startup":false,"activationEvent":"onLanguage:jsonc"}
[2018-10-05 17:47:52.561] [exthost1] [info] ExtensionService#loadCommonJSModule c:\Users\ksnam\.codemix\engine\resources\app\extensions\configuration-editing\out\extension
[2018-10-05 17:47:52.957] [exthost1] [info] ExtensionService#_doActivateExtension vscode.json-language-features {"startup":false,"activationEvent":"onLanguage:jsonc"}
[2018-10-05 17:47:52.957] [exthost1] [info] ExtensionService#loadCommonJSModule c:\Users\ksnam\.codemix\engine\resources\app\extensions\json-language-features\client\dist\jsonMain
[2018-10-05 17:47:56.700] [exthost1] [info] ExtensionService#_doActivateExtension vscode.typescript-language-features {"startup":false,"activationEvent":"onLanguage:jsonc"}
[2018-10-05 17:47:56.700] [exthost1] [info] ExtensionService#loadCommonJSModule c:\Users\ksnam\.codemix\engine\resources\app\extensions\typescript-language-features\dist\extension
[2018-10-05 17:47:57.609] [exthost1] [info] ExtensionService#_doActivateExtension vscode.grunt {"startup":false,"activationEvent":"onCommand:workbench.action.tasks.runTask"}
[2018-10-05 17:47:57.609] [exthost1] [info] ExtensionService#loadCommonJSModule c:\Users\ksnam\.codemix\engine\resources\app\extensions\grunt\out\main
[2018-10-05 17:47:57.720] [exthost1] [info] ExtensionService#_doActivateExtension vscode.gulp {"startup":false,"activationEvent":"onCommand:workbench.action.tasks.runTask"}
[2018-10-05 17:47:57.720] [exthost1] [info] ExtensionService#loadCommonJSModule c:\Users\ksnam\.codemix\engine\resources\app\extensions\gulp\out\main
[2018-10-05 17:47:57.870] [exthost1] [info] ExtensionService#_doActivateExtension vscode.jake {"startup":false,"activationEvent":"onCommand:workbench.action.tasks.runTask"}
[2018-10-05 17:47:57.870] [exthost1] [info] ExtensionService#loadCommonJSModule c:\Users\ksnam\.codemix\engine\resources\app\extensions\jake\out\main
[2018-10-05 17:47:57.945] [exthost1] [info] ExtensionService#_doActivateExtension vscode.npm {"startup":false,"activationEvent":"onCommand:workbench.action.tasks.runTask"}
[2018-10-05 17:47:57.945] [exthost1] [info] ExtensionService#loadCommonJSModule c:\Users\ksnam\.codemix\engine\resources\app\extensions\npm\out\main
[2018-10-05 17:54:53.999] [exthost1] [info] extension host started
[2018-10-05 17:54:54.052] [exthost1] [info] ExtensionService#_doActivateExtension vscode.debug-auto-launch {"startup":true,"activationEvent":"*"}
[2018-10-05 17:54:54.053] [exthost1] [info] ExtensionService#loadCommonJSModule c:\Users\ksnam\.codemix\engine\resources\app\extensions\debug-auto-launch\out\extension
[2018-10-05 17:54:54.083] [exthost1] [info] ExtensionService#_doActivateExtension vscode.emmet {"startup":true,"activationEvent":"*"}
[2018-10-05 17:54:54.083] [exthost1] [info] ExtensionService#loadCommonJSModule c:\Users\ksnam\.codemix\engine\resources\app\extensions\emmet\dist\extension
[2018-10-05 17:54:54.160] [exthost1] [info] ExtensionService#_doActivateExtension vscode.merge-conflict {"startup":true,"activationEvent":"*"}
[2018-10-05 17:54:54.160] [exthost1] [info] ExtensionService#loadCommonJSModule c:\Users\ksnam\.codemix\engine\resources\app\extensions\merge-conflict\out\extension
[2018-10-05 17:54:54.191] [exthost1] [info] ExtensionService#_doActivateExtension vscode.search-rg {"startup":true,"activationEvent":"*"}
[2018-10-05 17:54:54.192] [exthost1] [info] ExtensionService#loadCommonJSModule c:\Users\ksnam\.codemix\engine\resources\app\extensions\search-rg\out\extension
[2018-10-05 17:54:54.213] [exthost1] [info] eager extensions activated
[2018-10-05 17:54:54.234] [exthost1] [info] ExtensionService#_doActivateExtension vscode.configuration-editing {"startup":false,"activationEvent":"onLanguage:jsonc"}
[2018-10-05 17:54:54.234] [exthost1] [info] ExtensionService#loadCommonJSModule c:\Users\ksnam\.codemix\engine\resources\app\extensions\configuration-editing\out\extension
[2018-10-05 17:54:54.414] [exthost1] [info] ExtensionService#_doActivateExtension vscode.json-language-features {"startup":false,"activationEvent":"onLanguage:jsonc"}
[2018-10-05 17:54:54.414] [exthost1] [info] ExtensionService#loadCommonJSModule c:\Users\ksnam\.codemix\engine\resources\app\extensions\json-language-features\client\dist\jsonMain
[2018-10-05 17:54:55.029] [exthost1] [info] ExtensionService#_doActivateExtension vscode.typescript-language-features {"startup":false,"activationEvent":"onLanguage:jsonc"}
[2018-10-05 17:54:55.029] [exthost1] [info] ExtensionService#loadCommonJSModule c:\Users\ksnam\.codemix\engine\resources\app\extensions\typescript-language-features\dist\extension
[2018-10-05 17:54:55.200] [exthost1] [info] ExtensionService#_doActivateExtension vscode.grunt {"startup":false,"activationEvent":"onCommand:workbench.action.tasks.runTask"}
[2018-10-05 17:54:55.200] [exthost1] [info] ExtensionService#loadCommonJSModule c:\Users\ksnam\.codemix\engine\resources\app\extensions\grunt\out\main
[2018-10-05 17:54:55.235] [exthost1] [info] ExtensionService#_doActivateExtension vscode.gulp {"startup":false,"activationEvent":"onCommand:workbench.action.tasks.runTask"}
[2018-10-05 17:54:55.235] [exthost1] [info] ExtensionService#loadCommonJSModule c:\Users\ksnam\.codemix\engine\resources\app\extensions\gulp\out\main
[2018-10-05 17:54:55.275] [exthost1] [info] ExtensionService#_doActivateExtension vscode.jake {"startup":false,"activationEvent":"onCommand:workbench.action.tasks.runTask"}
[2018-10-05 17:54:55.275] [exthost1] [info] ExtensionService#loadCommonJSModule c:\Users\ksnam\.codemix\engine\resources\app\extensions\jake\out\main
[2018-10-05 17:54:55.322] [exthost1] [info] ExtensionService#_doActivateExtension vscode.npm {"startup":false,"activationEvent":"onCommand:workbench.action.tasks.runTask"}
[2018-10-05 17:54:55.322] [exthost1] [info] ExtensionService#loadCommonJSModule c:\Users\ksnam\.codemix\engine\resources\app\extensions\npm\out\main
